2019/08/12 09:54:51 [WARN] [<autogenerated>:1] POST /_bulk HTTP/1.1
Host: 172.20.36.40:9200
User-Agent: elastic/6.2.17 (windows-amd64)
Content-Length: 274
Accept: application/json
Content-Type: application/x-ndjson
Accept-Encoding: gzip

{"index":{"_index":"111","_id":"b4f784da-c50b-4480-a770-4deb5ee129a1","_type":"doc"}}
{"rfid_byd":"0","rfid_jm":"1","rfid_lkssgxq":"0","rfid_pfcrgzq":"0","rfid_pfcrszfq":"0","rfid_zfycts":"5","rfid_zl":"1","rfidid":"2D6FA9DC13","rksj":"2019-07-24 00:00:00","uuid":"000004"}


2019/08/12 09:54:51 [WARN] [<autogenerated>:1] HTTP/1.1 200 OK
Content-Type: application/json; charset=UTF-8
Warning: 299 Elasticsearch-6.7.0-8453f77 "the default number of shards will change from [5] to [1] in 7.0.0; if you wish to continue using the default of [5] shards, you must manage this on the create index request or with an index template"

{"took":138,"errors":false,"items":[{"index":{"_index":"111","_type":"doc","_id":"b4f784da-c50b-4480-a770-4deb5ee129a1","_version":1,"result":"created","_shards":{"total":2,"successful":1,"failed":0},"_seq_no":0,"_primary_term":1,"status":201}}]}

2019/08/12 09:54:51 [WARN] [<autogenerated>:1] POST /_bulk HTTP/1.1
Host: 172.20.36.40:9200
User-Agent: elastic/6.2.17 (windows-amd64)
Content-Length: 590
Accept: application/json
Content-Type: application/x-ndjson
Accept-Encoding: gzip

{"index":{"_index":"111","_id":"2e5c817d-c4b1-4659-a5fd-fb2ddef1e78d","_type":"doc"}}
{"rfid_byd":"rfid_byd","rfid_jm":"rfid_jm","rfid_lkssgxq":"rfid_lkssgxq","rfid_pfcrgzq":"rfid_pfcrgzq","rfid_pfcrszfq":"rfid_pfcrszfq","rfid_zfycts":"rfid_zfycts","rfid_zl":"rfid_zl","rfidid":"rfidid","rksj":"rksj","uuid":"uuid"}
{"index":{"_index":"111","_id":"1b58a29d-56a6-4ba3-babb-dbb6deec0e94","_type":"doc"}}
{"rfid_byd":"0","rfid_jm":"1","rfid_lkssgxq":"0","rfid_pfcrgzq":"0","rfid_pfcrszfq":"0","rfid_zfycts":"5","rfid_zl":"1","rfidid":"0024623813","rksj":"2019-07-24 00:00:00","uuid":"000005"}


2019/08/12 09:54:51 [WARN] [<autogenerated>:1] HTTP/1.1 200 OK
Content-Type: application/json; charset=UTF-8

{"took":7,"errors":false,"items":[{"index":{"_index":"111","_type":"doc","_id":"2e5c817d-c4b1-4659-a5fd-fb2ddef1e78d","_version":1,"result":"created","_shards":{"total":2,"successful":1,"failed":0},"_seq_no":0,"_primary_term":1,"status":201}},{"index":{"_index":"111","_type":"doc","_id":"1b58a29d-56a6-4ba3-babb-dbb6deec0e94","_version":1,"result":"created","_shards":{"total":2,"successful":1,"failed":0},"_seq_no":1,"_primary_term":1,"status":201}}]}

2019/08/12 09:57:14 [WARN] [<autogenerated>:1] POST /_bulk HTTP/1.1
Host: 172.20.36.40:9200
User-Agent: elastic/6.2.17 (windows-amd64)
Content-Length: 590
Accept: application/json
Content-Type: application/x-ndjson
Accept-Encoding: gzip

{"index":{"_index":"111","_id":"c9e17fda-a890-45d6-a59c-bec65a19c2ad","_type":"doc"}}
{"rfid_byd":"rfid_byd","rfid_jm":"rfid_jm","rfid_lkssgxq":"rfid_lkssgxq","rfid_pfcrgzq":"rfid_pfcrgzq","rfid_pfcrszfq":"rfid_pfcrszfq","rfid_zfycts":"rfid_zfycts","rfid_zl":"rfid_zl","rfidid":"rfidid","rksj":"rksj","uuid":"uuid"}
{"index":{"_index":"111","_id":"17e02e34-183c-43f5-bfed-626ba2be16ad","_type":"doc"}}
{"rfid_byd":"0","rfid_jm":"1","rfid_lkssgxq":"0","rfid_pfcrgzq":"0","rfid_pfcrszfq":"0","rfid_zfycts":"5","rfid_zl":"1","rfidid":"0024623813","rksj":"2019-07-24 00:00:00","uuid":"000005"}


2019/08/12 09:57:14 [WARN] [<autogenerated>:1] POST /_bulk HTTP/1.1
Host: 172.20.36.40:9200
User-Agent: elastic/6.2.17 (windows-amd64)
Content-Length: 274
Accept: application/json
Content-Type: application/x-ndjson
Accept-Encoding: gzip

{"index":{"_index":"111","_id":"c48294f9-f635-4a75-97fc-9021a46f9101","_type":"doc"}}
{"rfid_byd":"0","rfid_jm":"1","rfid_lkssgxq":"0","rfid_pfcrgzq":"0","rfid_pfcrszfq":"0","rfid_zfycts":"5","rfid_zl":"1","rfidid":"2D6FA9DC13","rksj":"2019-07-24 00:00:00","uuid":"000004"}


2019/08/12 09:57:14 [WARN] [<autogenerated>:1] HTTP/1.1 200 OK
Content-Type: application/json; charset=UTF-8

{"took":9,"errors":false,"items":[{"index":{"_index":"111","_type":"doc","_id":"c9e17fda-a890-45d6-a59c-bec65a19c2ad","_version":1,"result":"created","_shards":{"total":2,"successful":1,"failed":0},"_seq_no":0,"_primary_term":1,"status":201}},{"index":{"_index":"111","_type":"doc","_id":"17e02e34-183c-43f5-bfed-626ba2be16ad","_version":1,"result":"created","_shards":{"total":2,"successful":1,"failed":0},"_seq_no":0,"_primary_term":1,"status":201}}]}

2019/08/12 09:57:14 [WARN] [<autogenerated>:1] HTTP/1.1 200 OK
Content-Type: application/json; charset=UTF-8

{"took":10,"errors":false,"items":[{"index":{"_index":"111","_type":"doc","_id":"c48294f9-f635-4a75-97fc-9021a46f9101","_version":1,"result":"created","_shards":{"total":2,"successful":1,"failed":0},"_seq_no":1,"_primary_term":1,"status":201}}]}

2019/08/12 09:58:59 [WARN] [<autogenerated>:1] POST /_bulk HTTP/1.1
Host: 172.20.36.40:9200
User-Agent: elastic/6.2.17 (windows-amd64)
Content-Length: 590
Accept: application/json
Content-Type: application/x-ndjson
Accept-Encoding: gzip

{"index":{"_index":"111","_id":"2a702d5b-3e89-4404-a5ea-7fe4109f45ff","_type":"doc"}}
{"rfid_byd":"rfid_byd","rfid_jm":"rfid_jm","rfid_lkssgxq":"rfid_lkssgxq","rfid_pfcrgzq":"rfid_pfcrgzq","rfid_pfcrszfq":"rfid_pfcrszfq","rfid_zfycts":"rfid_zfycts","rfid_zl":"rfid_zl","rfidid":"rfidid","rksj":"rksj","uuid":"uuid"}
{"index":{"_index":"111","_id":"d653849c-129a-42bf-a7c7-2a264abd0ed0","_type":"doc"}}
{"rfid_byd":"0","rfid_jm":"1","rfid_lkssgxq":"0","rfid_pfcrgzq":"0","rfid_pfcrszfq":"0","rfid_zfycts":"5","rfid_zl":"1","rfidid":"0024623813","rksj":"2019-07-24 00:00:00","uuid":"000005"}


2019/08/12 09:58:59 [WARN] [<autogenerated>:1] POST /_bulk HTTP/1.1
Host: 172.20.36.40:9200
User-Agent: elastic/6.2.17 (windows-amd64)
Content-Length: 274
Accept: application/json
Content-Type: application/x-ndjson
Accept-Encoding: gzip

{"index":{"_index":"111","_id":"a1c92214-5409-48ab-a7d7-2c09591afdc1","_type":"doc"}}
{"rfid_byd":"0","rfid_jm":"1","rfid_lkssgxq":"0","rfid_pfcrgzq":"0","rfid_pfcrszfq":"0","rfid_zfycts":"5","rfid_zl":"1","rfidid":"2D6FA9DC13","rksj":"2019-07-24 00:00:00","uuid":"000004"}


2019/08/12 09:58:59 [WARN] [<autogenerated>:1] HTTP/1.1 200 OK
Content-Type: application/json; charset=UTF-8

{"took":99,"errors":false,"items":[{"index":{"_index":"111","_type":"doc","_id":"a1c92214-5409-48ab-a7d7-2c09591afdc1","_version":1,"result":"created","_shards":{"total":2,"successful":1,"failed":0},"_seq_no":0,"_primary_term":1,"status":201}}]}

2019/08/12 09:58:59 [WARN] [<autogenerated>:1] HTTP/1.1 200 OK
Content-Type: application/json; charset=UTF-8
Warning: 299 Elasticsearch-6.7.0-8453f77 "the default number of shards will change from [5] to [1] in 7.0.0; if you wish to continue using the default of [5] shards, you must manage this on the create index request or with an index template"

{"took":109,"errors":false,"items":[{"index":{"_index":"111","_type":"doc","_id":"2a702d5b-3e89-4404-a5ea-7fe4109f45ff","_version":1,"result":"created","_shards":{"total":2,"successful":1,"failed":0},"_seq_no":0,"_primary_term":1,"status":201}},{"index":{"_index":"111","_type":"doc","_id":"d653849c-129a-42bf-a7c7-2a264abd0ed0","_version":1,"result":"created","_shards":{"total":2,"successful":1,"failed":0},"_seq_no":1,"_primary_term":1,"status":201}}]}

2019/08/12 09:59:55 [WARN] [<autogenerated>:1] POST /_bulk HTTP/1.1
Host: 172.20.36.40:9200
User-Agent: elastic/6.2.17 (windows-amd64)
Content-Length: 590
Accept: application/json
Content-Type: application/x-ndjson
Accept-Encoding: gzip

{"index":{"_index":"111","_id":"e235e8de-f0ee-4540-a873-68dcead15557","_type":"doc"}}
{"rfid_byd":"rfid_byd","rfid_jm":"rfid_jm","rfid_lkssgxq":"rfid_lkssgxq","rfid_pfcrgzq":"rfid_pfcrgzq","rfid_pfcrszfq":"rfid_pfcrszfq","rfid_zfycts":"rfid_zfycts","rfid_zl":"rfid_zl","rfidid":"rfidid","rksj":"rksj","uuid":"uuid"}
{"index":{"_index":"111","_id":"ab30cb7a-9736-4a49-bbfd-ba0278ba6c84","_type":"doc"}}
{"rfid_byd":"0","rfid_jm":"1","rfid_lkssgxq":"0","rfid_pfcrgzq":"0","rfid_pfcrszfq":"0","rfid_zfycts":"5","rfid_zl":"1","rfidid":"0024623813","rksj":"2019-07-24 00:00:00","uuid":"000005"}


2019/08/12 09:59:55 [WARN] [<autogenerated>:1] POST /_bulk HTTP/1.1
Host: 172.20.36.40:9200
User-Agent: elastic/6.2.17 (windows-amd64)
Content-Length: 274
Accept: application/json
Content-Type: application/x-ndjson
Accept-Encoding: gzip

{"index":{"_index":"111","_id":"18072a3e-bfea-4add-a4f7-ea1e5e583883","_type":"doc"}}
{"rfid_byd":"0","rfid_jm":"1","rfid_lkssgxq":"0","rfid_pfcrgzq":"0","rfid_pfcrszfq":"0","rfid_zfycts":"5","rfid_zl":"1","rfidid":"2D6FA9DC13","rksj":"2019-07-24 00:00:00","uuid":"000004"}


2019/08/12 09:59:55 [WARN] [<autogenerated>:1] HTTP/1.1 200 OK
Content-Type: application/json; charset=UTF-8

{"took":11,"errors":false,"items":[{"index":{"_index":"111","_type":"doc","_id":"e235e8de-f0ee-4540-a873-68dcead15557","_version":1,"result":"created","_shards":{"total":2,"successful":1,"failed":0},"_seq_no":0,"_primary_term":1,"status":201}},{"index":{"_index":"111","_type":"doc","_id":"ab30cb7a-9736-4a49-bbfd-ba0278ba6c84","_version":1,"result":"created","_shards":{"total":2,"successful":1,"failed":0},"_seq_no":0,"_primary_term":1,"status":201}}]}

2019/08/12 09:59:55 [WARN] [<autogenerated>:1] HTTP/1.1 200 OK
Content-Type: application/json; charset=UTF-8

{"took":13,"errors":false,"items":[{"index":{"_index":"111","_type":"doc","_id":"18072a3e-bfea-4add-a4f7-ea1e5e583883","_version":1,"result":"created","_shards":{"total":2,"successful":1,"failed":0},"_seq_no":0,"_primary_term":1,"status":201}}]}

